----------------------------------------------------------------
2018-01-16 09:29:43.197 GMT:
 Booting Derby version The Apache Software Foundation - Apache Derby - 10.5.3.0 - (802917): instance a816c00e-0160-fe4d-8bc5-000005ffb080
on database directory D:\Amar web\JcrDemo\repository\version\db  

Database Class Loader started - derby.database.classpath=''
----------------------------------------------------------------
2018-01-16 09:29:43.797 GMT:
 Booting Derby version The Apache Software Foundation - Apache Derby - 10.5.3.0 - (802917): instance 888c4022-0160-fe4d-8bc5-000005ffb080
on database directory D:\Amar web\JcrDemo\repository\workspaces\default\db  

Database Class Loader started - derby.database.classpath=''
----------------------------------------------------------------
2018-01-16 09:29:44.405 GMT:
 Booting Derby version The Apache Software Foundation - Apache Derby - 10.5.3.0 - (802917): instance 6965c036-0160-fe4d-8bc5-000005ffb080
on database directory D:\Amar web\JcrDemo\repository\workspaces\security\db  

Database Class Loader started - derby.database.classpath=''

2018-01-16 09:29:44.789 GMT:
Shutting down instance 888c4022-0160-fe4d-8bc5-000005ffb080
----------------------------------------------------------------

2018-01-16 09:29:44.881 GMT:
Shutting down instance 6965c036-0160-fe4d-8bc5-000005ffb080
----------------------------------------------------------------

2018-01-16 09:29:44.989 GMT:
Shutting down instance a816c00e-0160-fe4d-8bc5-000005ffb080
----------------------------------------------------------------
